<?xml version="1.0" encoding="UTF-8"?>
<testsuite xmlns:xsi="http://www.w3.org/2001/XMLSchema-instance" xsi:noNamespaceSchemaLocation="https://maven.apache.org/surefire/maven-surefire-plugin/xsd/surefire-test-report.xsd" name="tests.PersonalAccountPageTests" time="44.701" tests="12" errors="9" skipped="0" failures="0">
  <properties>
    <property name="sun.desktop" value="windows"/>
    <property name="awt.toolkit" value="sun.awt.windows.WToolkit"/>
    <property name="java.specification.version" value="11"/>
    <property name="sun.cpu.isalist" value="amd64"/>
    <property name="sun.jnu.encoding" value="Cp1251"/>
    <property name="java.class.path" value="C:\cygwin64\home\ebogdanova\Diplom_Elena_Bogdanova_26\QA-java-diplom-3\target\test-classes;C:\cygwin64\home\ebogdanova\Diplom_Elena_Bogdanova_26\QA-java-diplom-3\target\classes;C:\Users\ebogdanova.OPENINTEGRATION\.m2\repository\org\mockito\mockito-core\4.8.0\mockito-core-4.8.0.jar;C:\Users\ebogdanova.OPENINTEGRATION\.m2\repository\net\bytebuddy\byte-buddy\1.12.14\byte-buddy-1.12.14.jar;C:\Users\ebogdanova.OPENINTEGRATION\.m2\repository\net\bytebuddy\byte-buddy-agent\1.12.14\byte-buddy-agent-1.12.14.jar;C:\Users\ebogdanova.OPENINTEGRATION\.m2\repository\org\objenesis\objenesis\3.2\objenesis-3.2.jar;C:\Users\ebogdanova.OPENINTEGRATION\.m2\repository\junit\junit\4.13.2\junit-4.13.2.jar;C:\Users\ebogdanova.OPENINTEGRATION\.m2\repository\org\hamcrest\hamcrest-core\1.3\hamcrest-core-1.3.jar;C:\Users\ebogdanova.OPENINTEGRATION\.m2\repository\io\rest-assured\rest-assured\4.4.0\rest-assured-4.4.0.jar;C:\Users\ebogdanova.OPENINTEGRATION\.m2\repository\org\codehaus\groovy\groovy\3.0.8\groovy-3.0.8.jar;C:\Users\ebogdanova.OPENINTEGRATION\.m2\repository\org\codehaus\groovy\groovy-xml\3.0.8\groovy-xml-3.0.8.jar;C:\Users\ebogdanova.OPENINTEGRATION\.m2\repository\org\apache\httpcomponents\httpclient\4.5.13\httpclient-4.5.13.jar;C:\Users\ebogdanova.OPENINTEGRATION\.m2\repository\org\apache\httpcomponents\httpcore\4.4.13\httpcore-4.4.13.jar;C:\Users\ebogdanova.OPENINTEGRATION\.m2\repository\commons-logging\commons-logging\1.2\commons-logging-1.2.jar;C:\Users\ebogdanova.OPENINTEGRATION\.m2\repository\commons-codec\commons-codec\1.11\commons-codec-1.11.jar;C:\Users\ebogdanova.OPENINTEGRATION\.m2\repository\org\apache\httpcomponents\httpmime\4.5.13\httpmime-4.5.13.jar;C:\Users\ebogdanova.OPENINTEGRATION\.m2\repository\org\hamcrest\hamcrest\2.1\hamcrest-2.1.jar;C:\Users\ebogdanova.OPENINTEGRATION\.m2\repository\org\ccil\cowan\tagsoup\tagsoup\1.2.1\tagsoup-1.2.1.jar;C:\Users\ebogdanova.OPENINTEGRATION\.m2\repository\io\rest-assured\json-path\4.4.0\json-path-4.4.0.jar;C:\Users\ebogdanova.OPENINTEGRATION\.m2\repository\org\codehaus\groovy\groovy-json\3.0.8\groovy-json-3.0.8.jar;C:\Users\ebogdanova.OPENINTEGRATION\.m2\repository\io\rest-assured\rest-assured-common\4.4.0\rest-assured-common-4.4.0.jar;C:\Users\ebogdanova.OPENINTEGRATION\.m2\repository\io\rest-assured\xml-path\4.4.0\xml-path-4.4.0.jar;C:\Users\ebogdanova.OPENINTEGRATION\.m2\repository\org\apache\commons\commons-lang3\3.11\commons-lang3-3.11.jar;C:\Users\ebogdanova.OPENINTEGRATION\.m2\repository\jakarta\xml\bind\jakarta.xml.bind-api\2.3.3\jakarta.xml.bind-api-2.3.3.jar;C:\Users\ebogdanova.OPENINTEGRATION\.m2\repository\com\sun\xml\bind\jaxb-impl\2.3.3\jaxb-impl-2.3.3.jar;C:\Users\ebogdanova.OPENINTEGRATION\.m2\repository\io\qameta\allure\allure-junit4\2.15.0\allure-junit4-2.15.0.jar;C:\Users\ebogdanova.OPENINTEGRATION\.m2\repository\io\qameta\allure\allure-rest-assured\2.15.0\allure-rest-assured-2.15.0.jar;C:\Users\ebogdanova.OPENINTEGRATION\.m2\repository\io\qameta\allure\allure-attachments\2.15.0\allure-attachments-2.15.0.jar;C:\Users\ebogdanova.OPENINTEGRATION\.m2\repository\io\qameta\allure\allure-java-commons\2.22.2\allure-java-commons-2.22.2.jar;C:\Users\ebogdanova.OPENINTEGRATION\.m2\repository\io\qameta\allure\allure-model\2.22.2\allure-model-2.22.2.jar;C:\Users\ebogdanova.OPENINTEGRATION\.m2\repository\com\fasterxml\jackson\core\jackson-databind\2.12.4\jackson-databind-2.12.4.jar;C:\Users\ebogdanova.OPENINTEGRATION\.m2\repository\com\fasterxml\jackson\core\jackson-annotations\2.12.4\jackson-annotations-2.12.4.jar;C:\Users\ebogdanova.OPENINTEGRATION\.m2\repository\com\fasterxml\jackson\core\jackson-core\2.12.4\jackson-core-2.12.4.jar;C:\Users\ebogdanova.OPENINTEGRATION\.m2\repository\org\slf4j\slf4j-api\1.7.32\slf4j-api-1.7.32.jar;C:\Users\ebogdanova.OPENINTEGRATION\.m2\repository\org\seleniumhq\selenium\selenium-java\3.141.59\selenium-java-3.141.59.jar;C:\Users\ebogdanova.OPENINTEGRATION\.m2\repository\org\seleniumhq\selenium\selenium-api\3.141.59\selenium-api-3.141.59.jar;C:\Users\ebogdanova.OPENINTEGRATION\.m2\repository\org\seleniumhq\selenium\selenium-chrome-driver\3.141.59\selenium-chrome-driver-3.141.59.jar;C:\Users\ebogdanova.OPENINTEGRATION\.m2\repository\org\seleniumhq\selenium\selenium-edge-driver\3.141.59\selenium-edge-driver-3.141.59.jar;C:\Users\ebogdanova.OPENINTEGRATION\.m2\repository\org\seleniumhq\selenium\selenium-firefox-driver\3.141.59\selenium-firefox-driver-3.141.59.jar;C:\Users\ebogdanova.OPENINTEGRATION\.m2\repository\org\seleniumhq\selenium\selenium-ie-driver\3.141.59\selenium-ie-driver-3.141.59.jar;C:\Users\ebogdanova.OPENINTEGRATION\.m2\repository\org\seleniumhq\selenium\selenium-opera-driver\3.141.59\selenium-opera-driver-3.141.59.jar;C:\Users\ebogdanova.OPENINTEGRATION\.m2\repository\org\seleniumhq\selenium\selenium-remote-driver\3.141.59\selenium-remote-driver-3.141.59.jar;C:\Users\ebogdanova.OPENINTEGRATION\.m2\repository\org\seleniumhq\selenium\selenium-safari-driver\3.141.59\selenium-safari-driver-3.141.59.jar;C:\Users\ebogdanova.OPENINTEGRATION\.m2\repository\org\seleniumhq\selenium\selenium-support\3.141.59\selenium-support-3.141.59.jar;C:\Users\ebogdanova.OPENINTEGRATION\.m2\repository\org\apache\commons\commons-exec\1.3\commons-exec-1.3.jar;C:\Users\ebogdanova.OPENINTEGRATION\.m2\repository\com\google\guava\guava\25.0-jre\guava-25.0-jre.jar;C:\Users\ebogdanova.OPENINTEGRATION\.m2\repository\com\google\code\findbugs\jsr305\1.3.9\jsr305-1.3.9.jar;C:\Users\ebogdanova.OPENINTEGRATION\.m2\repository\org\checkerframework\checker-compat-qual\2.0.0\checker-compat-qual-2.0.0.jar;C:\Users\ebogdanova.OPENINTEGRATION\.m2\repository\com\google\errorprone\error_prone_annotations\2.1.3\error_prone_annotations-2.1.3.jar;C:\Users\ebogdanova.OPENINTEGRATION\.m2\repository\com\google\j2objc\j2objc-annotations\1.1\j2objc-annotations-1.1.jar;C:\Users\ebogdanova.OPENINTEGRATION\.m2\repository\org\codehaus\mojo\animal-sniffer-annotations\1.14\animal-sniffer-annotations-1.14.jar;C:\Users\ebogdanova.OPENINTEGRATION\.m2\repository\com\squareup\okhttp3\okhttp\3.11.0\okhttp-3.11.0.jar;C:\Users\ebogdanova.OPENINTEGRATION\.m2\repository\com\squareup\okio\okio\1.14.0\okio-1.14.0.jar;C:\Users\ebogdanova.OPENINTEGRATION\.m2\repository\io\qameta\allure\allure-plugin-api\2.19.0\allure-plugin-api-2.19.0.jar;C:\Users\ebogdanova.OPENINTEGRATION\.m2\repository\com\fasterxml\jackson\module\jackson-module-jaxb-annotations\2.13.3\jackson-module-jaxb-annotations-2.13.3.jar;C:\Users\ebogdanova.OPENINTEGRATION\.m2\repository\jakarta\activation\jakarta.activation-api\1.2.1\jakarta.activation-api-1.2.1.jar;C:\Users\ebogdanova.OPENINTEGRATION\.m2\repository\com\opencsv\opencsv\4.6\opencsv-4.6.jar;C:\Users\ebogdanova.OPENINTEGRATION\.m2\repository\org\apache\commons\commons-text\1.3\commons-text-1.3.jar;C:\Users\ebogdanova.OPENINTEGRATION\.m2\repository\commons-beanutils\commons-beanutils\1.9.3\commons-beanutils-1.9.3.jar;C:\Users\ebogdanova.OPENINTEGRATION\.m2\repository\commons-collections\commons-collections\3.2.2\commons-collections-3.2.2.jar;C:\Users\ebogdanova.OPENINTEGRATION\.m2\repository\org\apache\commons\commons-collections4\4.2\commons-collections4-4.2.jar;C:\Users\ebogdanova.OPENINTEGRATION\.m2\repository\com\vladsch\flexmark\flexmark\0.62.2\flexmark-0.62.2.jar;C:\Users\ebogdanova.OPENINTEGRATION\.m2\repository\com\vladsch\flexmark\flexmark-util-ast\0.62.2\flexmark-util-ast-0.62.2.jar;C:\Users\ebogdanova.OPENINTEGRATION\.m2\repository\org\jetbrains\annotations\15.0\annotations-15.0.jar;C:\Users\ebogdanova.OPENINTEGRATION\.m2\repository\com\vladsch\flexmark\flexmark-util-builder\0.62.2\flexmark-util-builder-0.62.2.jar;C:\Users\ebogdanova.OPENINTEGRATION\.m2\repository\com\vladsch\flexmark\flexmark-util-collection\0.62.2\flexmark-util-collection-0.62.2.jar;C:\Users\ebogdanova.OPENINTEGRATION\.m2\repository\com\vladsch\flexmark\flexmark-util-data\0.62.2\flexmark-util-data-0.62.2.jar;C:\Users\ebogdanova.OPENINTEGRATION\.m2\repository\com\vladsch\flexmark\flexmark-util-dependency\0.62.2\flexmark-util-dependency-0.62.2.jar;C:\Users\ebogdanova.OPENINTEGRATION\.m2\repository\com\vladsch\flexmark\flexmark-util-format\0.62.2\flexmark-util-format-0.62.2.jar;C:\Users\ebogdanova.OPENINTEGRATION\.m2\repository\com\vladsch\flexmark\flexmark-util-html\0.62.2\flexmark-util-html-0.62.2.jar;C:\Users\ebogdanova.OPENINTEGRATION\.m2\repository\com\vladsch\flexmark\flexmark-util-misc\0.62.2\flexmark-util-misc-0.62.2.jar;C:\Users\ebogdanova.OPENINTEGRATION\.m2\repository\com\vladsch\flexmark\flexmark-util-sequence\0.62.2\flexmark-util-sequence-0.62.2.jar;C:\Users\ebogdanova.OPENINTEGRATION\.m2\repository\com\vladsch\flexmark\flexmark-util-visitor\0.62.2\flexmark-util-visitor-0.62.2.jar;C:\Users\ebogdanova.OPENINTEGRATION\.m2\repository\com\vladsch\flexmark\flexmark-ext-tables\0.62.2\flexmark-ext-tables-0.62.2.jar;C:\Users\ebogdanova.OPENINTEGRATION\.m2\repository\com\vladsch\flexmark\flexmark-util\0.62.2\flexmark-util-0.62.2.jar;C:\Users\ebogdanova.OPENINTEGRATION\.m2\repository\com\vladsch\flexmark\flexmark-util-options\0.62.2\flexmark-util-options-0.62.2.jar;C:\Users\ebogdanova.OPENINTEGRATION\.m2\repository\javax\xml\bind\jaxb-api\2.3.1\jaxb-api-2.3.1.jar;C:\Users\ebogdanova.OPENINTEGRATION\.m2\repository\javax\activation\javax.activation-api\1.2.0\javax.activation-api-1.2.0.jar;C:\Users\ebogdanova.OPENINTEGRATION\.m2\repository\org\freemarker\freemarker\2.3.31\freemarker-2.3.31.jar;C:\Users\ebogdanova.OPENINTEGRATION\.m2\repository\io\github\bonigarcia\webdrivermanager\5.0.3\webdrivermanager-5.0.3.jar;C:\Users\ebogdanova.OPENINTEGRATION\.m2\repository\com\google\code\gson\gson\2.8.8\gson-2.8.8.jar;C:\Users\ebogdanova.OPENINTEGRATION\.m2\repository\org\jsoup\jsoup\1.14.2\jsoup-1.14.2.jar;C:\Users\ebogdanova.OPENINTEGRATION\.m2\repository\com\github\docker-java\docker-java\3.2.12\docker-java-3.2.12.jar;C:\Users\ebogdanova.OPENINTEGRATION\.m2\repository\com\github\docker-java\docker-java-core\3.2.12\docker-java-core-3.2.12.jar;C:\Users\ebogdanova.OPENINTEGRATION\.m2\repository\com\github\docker-java\docker-java-api\3.2.12\docker-java-api-3.2.12.jar;C:\Users\ebogdanova.OPENINTEGRATION\.m2\repository\commons-io\commons-io\2.6\commons-io-2.6.jar;C:\Users\ebogdanova.OPENINTEGRATION\.m2\repository\org\apache\commons\commons-compress\1.21\commons-compress-1.21.jar;C:\Users\ebogdanova.OPENINTEGRATION\.m2\repository\commons-lang\commons-lang\2.6\commons-lang-2.6.jar;C:\Users\ebogdanova.OPENINTEGRATION\.m2\repository\org\bouncycastle\bcpkix-jdk15on\1.64\bcpkix-jdk15on-1.64.jar;C:\Users\ebogdanova.OPENINTEGRATION\.m2\repository\org\bouncycastle\bcprov-jdk15on\1.64\bcprov-jdk15on-1.64.jar;C:\Users\ebogdanova.OPENINTEGRATION\.m2\repository\org\slf4j\jcl-over-slf4j\1.7.30\jcl-over-slf4j-1.7.30.jar;C:\Users\ebogdanova.OPENINTEGRATION\.m2\repository\com\github\docker-java\docker-java-transport-httpclient5\3.2.12\docker-java-transport-httpclient5-3.2.12.jar;C:\Users\ebogdanova.OPENINTEGRATION\.m2\repository\com\github\docker-java\docker-java-transport\3.2.12\docker-java-transport-3.2.12.jar;C:\Users\ebogdanova.OPENINTEGRATION\.m2\repository\org\apache\httpcomponents\client5\httpclient5\5.0.3\httpclient5-5.0.3.jar;C:\Users\ebogdanova.OPENINTEGRATION\.m2\repository\org\apache\httpcomponents\core5\httpcore5\5.0.2\httpcore5-5.0.2.jar;C:\Users\ebogdanova.OPENINTEGRATION\.m2\repository\net\java\dev\jna\jna\5.8.0\jna-5.8.0.jar;C:\Users\ebogdanova.OPENINTEGRATION\.m2\repository\org\brotli\dec\0.1.2\dec-0.1.2.jar;"/>
    <property name="java.vm.vendor" value="Oracle Corporation"/>
    <property name="sun.arch.data.model" value="64"/>
    <property name="user.variant" value=""/>
    <property name="java.vendor.url" value="https://openjdk.java.net/"/>
    <property name="user.timezone" value="Europe/Moscow"/>
    <property name="user.country.format" value="RU"/>
    <property name="java.vm.specification.version" value="11"/>
    <property name="os.name" value="Windows 10"/>
    <property name="sun.java.launcher" value="SUN_STANDARD"/>
    <property name="user.country" value="US"/>
    <property name="sun.boot.library.path" value="C:\Users\ebogdanova.OPENINTEGRATION\JDK\11\bin"/>
    <property name="sun.java.command" value="C:\Users\EBOGDA~1.OPE\AppData\Local\Temp\surefire4422545550944897403\surefirebooter2961815749974603466.jar C:\Users\ebogdanova.OPENINTEGRATION\AppData\Local\Temp\surefire4422545550944897403 2023-12-18T12-07-42_452-jvmRun1 surefire12162977094391225266tmp surefire_06902999471646177465tmp"/>
    <property name="jdk.debug" value="release"/>
    <property name="surefire.test.class.path" value="C:\cygwin64\home\ebogdanova\Diplom_Elena_Bogdanova_26\QA-java-diplom-3\target\test-classes;C:\cygwin64\home\ebogdanova\Diplom_Elena_Bogdanova_26\QA-java-diplom-3\target\classes;C:\Users\ebogdanova.OPENINTEGRATION\.m2\repository\org\mockito\mockito-core\4.8.0\mockito-core-4.8.0.jar;C:\Users\ebogdanova.OPENINTEGRATION\.m2\repository\net\bytebuddy\byte-buddy\1.12.14\byte-buddy-1.12.14.jar;C:\Users\ebogdanova.OPENINTEGRATION\.m2\repository\net\bytebuddy\byte-buddy-agent\1.12.14\byte-buddy-agent-1.12.14.jar;C:\Users\ebogdanova.OPENINTEGRATION\.m2\repository\org\objenesis\objenesis\3.2\objenesis-3.2.jar;C:\Users\ebogdanova.OPENINTEGRATION\.m2\repository\junit\junit\4.13.2\junit-4.13.2.jar;C:\Users\ebogdanova.OPENINTEGRATION\.m2\repository\org\hamcrest\hamcrest-core\1.3\hamcrest-core-1.3.jar;C:\Users\ebogdanova.OPENINTEGRATION\.m2\repository\io\rest-assured\rest-assured\4.4.0\rest-assured-4.4.0.jar;C:\Users\ebogdanova.OPENINTEGRATION\.m2\repository\org\codehaus\groovy\groovy\3.0.8\groovy-3.0.8.jar;C:\Users\ebogdanova.OPENINTEGRATION\.m2\repository\org\codehaus\groovy\groovy-xml\3.0.8\groovy-xml-3.0.8.jar;C:\Users\ebogdanova.OPENINTEGRATION\.m2\repository\org\apache\httpcomponents\httpclient\4.5.13\httpclient-4.5.13.jar;C:\Users\ebogdanova.OPENINTEGRATION\.m2\repository\org\apache\httpcomponents\httpcore\4.4.13\httpcore-4.4.13.jar;C:\Users\ebogdanova.OPENINTEGRATION\.m2\repository\commons-logging\commons-logging\1.2\commons-logging-1.2.jar;C:\Users\ebogdanova.OPENINTEGRATION\.m2\repository\commons-codec\commons-codec\1.11\commons-codec-1.11.jar;C:\Users\ebogdanova.OPENINTEGRATION\.m2\repository\org\apache\httpcomponents\httpmime\4.5.13\httpmime-4.5.13.jar;C:\Users\ebogdanova.OPENINTEGRATION\.m2\repository\org\hamcrest\hamcrest\2.1\hamcrest-2.1.jar;C:\Users\ebogdanova.OPENINTEGRATION\.m2\repository\org\ccil\cowan\tagsoup\tagsoup\1.2.1\tagsoup-1.2.1.jar;C:\Users\ebogdanova.OPENINTEGRATION\.m2\repository\io\rest-assured\json-path\4.4.0\json-path-4.4.0.jar;C:\Users\ebogdanova.OPENINTEGRATION\.m2\repository\org\codehaus\groovy\groovy-json\3.0.8\groovy-json-3.0.8.jar;C:\Users\ebogdanova.OPENINTEGRATION\.m2\repository\io\rest-assured\rest-assured-common\4.4.0\rest-assured-common-4.4.0.jar;C:\Users\ebogdanova.OPENINTEGRATION\.m2\repository\io\rest-assured\xml-path\4.4.0\xml-path-4.4.0.jar;C:\Users\ebogdanova.OPENINTEGRATION\.m2\repository\org\apache\commons\commons-lang3\3.11\commons-lang3-3.11.jar;C:\Users\ebogdanova.OPENINTEGRATION\.m2\repository\jakarta\xml\bind\jakarta.xml.bind-api\2.3.3\jakarta.xml.bind-api-2.3.3.jar;C:\Users\ebogdanova.OPENINTEGRATION\.m2\repository\com\sun\xml\bind\jaxb-impl\2.3.3\jaxb-impl-2.3.3.jar;C:\Users\ebogdanova.OPENINTEGRATION\.m2\repository\io\qameta\allure\allure-junit4\2.15.0\allure-junit4-2.15.0.jar;C:\Users\ebogdanova.OPENINTEGRATION\.m2\repository\io\qameta\allure\allure-rest-assured\2.15.0\allure-rest-assured-2.15.0.jar;C:\Users\ebogdanova.OPENINTEGRATION\.m2\repository\io\qameta\allure\allure-attachments\2.15.0\allure-attachments-2.15.0.jar;C:\Users\ebogdanova.OPENINTEGRATION\.m2\repository\io\qameta\allure\allure-java-commons\2.22.2\allure-java-commons-2.22.2.jar;C:\Users\ebogdanova.OPENINTEGRATION\.m2\repository\io\qameta\allure\allure-model\2.22.2\allure-model-2.22.2.jar;C:\Users\ebogdanova.OPENINTEGRATION\.m2\repository\com\fasterxml\jackson\core\jackson-databind\2.12.4\jackson-databind-2.12.4.jar;C:\Users\ebogdanova.OPENINTEGRATION\.m2\repository\com\fasterxml\jackson\core\jackson-annotations\2.12.4\jackson-annotations-2.12.4.jar;C:\Users\ebogdanova.OPENINTEGRATION\.m2\repository\com\fasterxml\jackson\core\jackson-core\2.12.4\jackson-core-2.12.4.jar;C:\Users\ebogdanova.OPENINTEGRATION\.m2\repository\org\slf4j\slf4j-api\1.7.32\slf4j-api-1.7.32.jar;C:\Users\ebogdanova.OPENINTEGRATION\.m2\repository\org\seleniumhq\selenium\selenium-java\3.141.59\selenium-java-3.141.59.jar;C:\Users\ebogdanova.OPENINTEGRATION\.m2\repository\org\seleniumhq\selenium\selenium-api\3.141.59\selenium-api-3.141.59.jar;C:\Users\ebogdanova.OPENINTEGRATION\.m2\repository\org\seleniumhq\selenium\selenium-chrome-driver\3.141.59\selenium-chrome-driver-3.141.59.jar;C:\Users\ebogdanova.OPENINTEGRATION\.m2\repository\org\seleniumhq\selenium\selenium-edge-driver\3.141.59\selenium-edge-driver-3.141.59.jar;C:\Users\ebogdanova.OPENINTEGRATION\.m2\repository\org\seleniumhq\selenium\selenium-firefox-driver\3.141.59\selenium-firefox-driver-3.141.59.jar;C:\Users\ebogdanova.OPENINTEGRATION\.m2\repository\org\seleniumhq\selenium\selenium-ie-driver\3.141.59\selenium-ie-driver-3.141.59.jar;C:\Users\ebogdanova.OPENINTEGRATION\.m2\repository\org\seleniumhq\selenium\selenium-opera-driver\3.141.59\selenium-opera-driver-3.141.59.jar;C:\Users\ebogdanova.OPENINTEGRATION\.m2\repository\org\seleniumhq\selenium\selenium-remote-driver\3.141.59\selenium-remote-driver-3.141.59.jar;C:\Users\ebogdanova.OPENINTEGRATION\.m2\repository\org\seleniumhq\selenium\selenium-safari-driver\3.141.59\selenium-safari-driver-3.141.59.jar;C:\Users\ebogdanova.OPENINTEGRATION\.m2\repository\org\seleniumhq\selenium\selenium-support\3.141.59\selenium-support-3.141.59.jar;C:\Users\ebogdanova.OPENINTEGRATION\.m2\repository\org\apache\commons\commons-exec\1.3\commons-exec-1.3.jar;C:\Users\ebogdanova.OPENINTEGRATION\.m2\repository\com\google\guava\guava\25.0-jre\guava-25.0-jre.jar;C:\Users\ebogdanova.OPENINTEGRATION\.m2\repository\com\google\code\findbugs\jsr305\1.3.9\jsr305-1.3.9.jar;C:\Users\ebogdanova.OPENINTEGRATION\.m2\repository\org\checkerframework\checker-compat-qual\2.0.0\checker-compat-qual-2.0.0.jar;C:\Users\ebogdanova.OPENINTEGRATION\.m2\repository\com\google\errorprone\error_prone_annotations\2.1.3\error_prone_annotations-2.1.3.jar;C:\Users\ebogdanova.OPENINTEGRATION\.m2\repository\com\google\j2objc\j2objc-annotations\1.1\j2objc-annotations-1.1.jar;C:\Users\ebogdanova.OPENINTEGRATION\.m2\repository\org\codehaus\mojo\animal-sniffer-annotations\1.14\animal-sniffer-annotations-1.14.jar;C:\Users\ebogdanova.OPENINTEGRATION\.m2\repository\com\squareup\okhttp3\okhttp\3.11.0\okhttp-3.11.0.jar;C:\Users\ebogdanova.OPENINTEGRATION\.m2\repository\com\squareup\okio\okio\1.14.0\okio-1.14.0.jar;C:\Users\ebogdanova.OPENINTEGRATION\.m2\repository\io\qameta\allure\allure-plugin-api\2.19.0\allure-plugin-api-2.19.0.jar;C:\Users\ebogdanova.OPENINTEGRATION\.m2\repository\com\fasterxml\jackson\module\jackson-module-jaxb-annotations\2.13.3\jackson-module-jaxb-annotations-2.13.3.jar;C:\Users\ebogdanova.OPENINTEGRATION\.m2\repository\jakarta\activation\jakarta.activation-api\1.2.1\jakarta.activation-api-1.2.1.jar;C:\Users\ebogdanova.OPENINTEGRATION\.m2\repository\com\opencsv\opencsv\4.6\opencsv-4.6.jar;C:\Users\ebogdanova.OPENINTEGRATION\.m2\repository\org\apache\commons\commons-text\1.3\commons-text-1.3.jar;C:\Users\ebogdanova.OPENINTEGRATION\.m2\repository\commons-beanutils\commons-beanutils\1.9.3\commons-beanutils-1.9.3.jar;C:\Users\ebogdanova.OPENINTEGRATION\.m2\repository\commons-collections\commons-collections\3.2.2\commons-collections-3.2.2.jar;C:\Users\ebogdanova.OPENINTEGRATION\.m2\repository\org\apache\commons\commons-collections4\4.2\commons-collections4-4.2.jar;C:\Users\ebogdanova.OPENINTEGRATION\.m2\repository\com\vladsch\flexmark\flexmark\0.62.2\flexmark-0.62.2.jar;C:\Users\ebogdanova.OPENINTEGRATION\.m2\repository\com\vladsch\flexmark\flexmark-util-ast\0.62.2\flexmark-util-ast-0.62.2.jar;C:\Users\ebogdanova.OPENINTEGRATION\.m2\repository\org\jetbrains\annotations\15.0\annotations-15.0.jar;C:\Users\ebogdanova.OPENINTEGRATION\.m2\repository\com\vladsch\flexmark\flexmark-util-builder\0.62.2\flexmark-util-builder-0.62.2.jar;C:\Users\ebogdanova.OPENINTEGRATION\.m2\repository\com\vladsch\flexmark\flexmark-util-collection\0.62.2\flexmark-util-collection-0.62.2.jar;C:\Users\ebogdanova.OPENINTEGRATION\.m2\repository\com\vladsch\flexmark\flexmark-util-data\0.62.2\flexmark-util-data-0.62.2.jar;C:\Users\ebogdanova.OPENINTEGRATION\.m2\repository\com\vladsch\flexmark\flexmark-util-dependency\0.62.2\flexmark-util-dependency-0.62.2.jar;C:\Users\ebogdanova.OPENINTEGRATION\.m2\repository\com\vladsch\flexmark\flexmark-util-format\0.62.2\flexmark-util-format-0.62.2.jar;C:\Users\ebogdanova.OPENINTEGRATION\.m2\repository\com\vladsch\flexmark\flexmark-util-html\0.62.2\flexmark-util-html-0.62.2.jar;C:\Users\ebogdanova.OPENINTEGRATION\.m2\repository\com\vladsch\flexmark\flexmark-util-misc\0.62.2\flexmark-util-misc-0.62.2.jar;C:\Users\ebogdanova.OPENINTEGRATION\.m2\repository\com\vladsch\flexmark\flexmark-util-sequence\0.62.2\flexmark-util-sequence-0.62.2.jar;C:\Users\ebogdanova.OPENINTEGRATION\.m2\repository\com\vladsch\flexmark\flexmark-util-visitor\0.62.2\flexmark-util-visitor-0.62.2.jar;C:\Users\ebogdanova.OPENINTEGRATION\.m2\repository\com\vladsch\flexmark\flexmark-ext-tables\0.62.2\flexmark-ext-tables-0.62.2.jar;C:\Users\ebogdanova.OPENINTEGRATION\.m2\repository\com\vladsch\flexmark\flexmark-util\0.62.2\flexmark-util-0.62.2.jar;C:\Users\ebogdanova.OPENINTEGRATION\.m2\repository\com\vladsch\flexmark\flexmark-util-options\0.62.2\flexmark-util-options-0.62.2.jar;C:\Users\ebogdanova.OPENINTEGRATION\.m2\repository\javax\xml\bind\jaxb-api\2.3.1\jaxb-api-2.3.1.jar;C:\Users\ebogdanova.OPENINTEGRATION\.m2\repository\javax\activation\javax.activation-api\1.2.0\javax.activation-api-1.2.0.jar;C:\Users\ebogdanova.OPENINTEGRATION\.m2\repository\org\freemarker\freemarker\2.3.31\freemarker-2.3.31.jar;C:\Users\ebogdanova.OPENINTEGRATION\.m2\repository\io\github\bonigarcia\webdrivermanager\5.0.3\webdrivermanager-5.0.3.jar;C:\Users\ebogdanova.OPENINTEGRATION\.m2\repository\com\google\code\gson\gson\2.8.8\gson-2.8.8.jar;C:\Users\ebogdanova.OPENINTEGRATION\.m2\repository\org\jsoup\jsoup\1.14.2\jsoup-1.14.2.jar;C:\Users\ebogdanova.OPENINTEGRATION\.m2\repository\com\github\docker-java\docker-java\3.2.12\docker-java-3.2.12.jar;C:\Users\ebogdanova.OPENINTEGRATION\.m2\repository\com\github\docker-java\docker-java-core\3.2.12\docker-java-core-3.2.12.jar;C:\Users\ebogdanova.OPENINTEGRATION\.m2\repository\com\github\docker-java\docker-java-api\3.2.12\docker-java-api-3.2.12.jar;C:\Users\ebogdanova.OPENINTEGRATION\.m2\repository\commons-io\commons-io\2.6\commons-io-2.6.jar;C:\Users\ebogdanova.OPENINTEGRATION\.m2\repository\org\apache\commons\commons-compress\1.21\commons-compress-1.21.jar;C:\Users\ebogdanova.OPENINTEGRATION\.m2\repository\commons-lang\commons-lang\2.6\commons-lang-2.6.jar;C:\Users\ebogdanova.OPENINTEGRATION\.m2\repository\org\bouncycastle\bcpkix-jdk15on\1.64\bcpkix-jdk15on-1.64.jar;C:\Users\ebogdanova.OPENINTEGRATION\.m2\repository\org\bouncycastle\bcprov-jdk15on\1.64\bcprov-jdk15on-1.64.jar;C:\Users\ebogdanova.OPENINTEGRATION\.m2\repository\org\slf4j\jcl-over-slf4j\1.7.30\jcl-over-slf4j-1.7.30.jar;C:\Users\ebogdanova.OPENINTEGRATION\.m2\repository\com\github\docker-java\docker-java-transport-httpclient5\3.2.12\docker-java-transport-httpclient5-3.2.12.jar;C:\Users\ebogdanova.OPENINTEGRATION\.m2\repository\com\github\docker-java\docker-java-transport\3.2.12\docker-java-transport-3.2.12.jar;C:\Users\ebogdanova.OPENINTEGRATION\.m2\repository\org\apache\httpcomponents\client5\httpclient5\5.0.3\httpclient5-5.0.3.jar;C:\Users\ebogdanova.OPENINTEGRATION\.m2\repository\org\apache\httpcomponents\core5\httpcore5\5.0.2\httpcore5-5.0.2.jar;C:\Users\ebogdanova.OPENINTEGRATION\.m2\repository\net\java\dev\jna\jna\5.8.0\jna-5.8.0.jar;C:\Users\ebogdanova.OPENINTEGRATION\.m2\repository\org\brotli\dec\0.1.2\dec-0.1.2.jar;"/>
    <property name="sun.cpu.endian" value="little"/>
    <property name="allure.results.directory" value="C:\cygwin64\home\ebogdanova\Diplom_Elena_Bogdanova_26\QA-java-diplom-3\target/allure-results"/>
    <property name="user.home" value="C:\Users\ebogdanova.OPENINTEGRATION"/>
    <property name="user.language" value="en"/>
    <property name="java.specification.vendor" value="Oracle Corporation"/>
    <property name="java.version.date" value="2022-01-18"/>
    <property name="java.home" value="C:\Users\ebogdanova.OPENINTEGRATION\JDK\11"/>
    <property name="file.separator" value="\"/>
    <property name="basedir" value="C:\cygwin64\home\ebogdanova\Diplom_Elena_Bogdanova_26\QA-java-diplom-3"/>
    <property name="java.vm.compressedOopsMode" value="Zero based"/>
    <property name="line.separator" value="&#10;"/>
    <property name="java.specification.name" value="Java Platform API Specification"/>
    <property name="java.vm.specification.vendor" value="Oracle Corporation"/>
    <property name="java.awt.graphicsenv" value="sun.awt.Win32GraphicsEnvironment"/>
    <property name="surefire.real.class.path" value="C:\Users\EBOGDA~1.OPE\AppData\Local\Temp\surefire4422545550944897403\surefirebooter2961815749974603466.jar"/>
    <property name="user.script" value=""/>
    <property name="sun.management.compiler" value="HotSpot 64-Bit Tiered Compilers"/>
    <property name="java.runtime.version" value="11.0.14+8-LTS-263"/>
    <property name="user.name" value="ebogdanova"/>
    <property name="path.separator" value=";"/>
    <property name="os.version" value="10.0"/>
    <property name="java.runtime.name" value="Java(TM) SE Runtime Environment"/>
    <property name="file.encoding" value="Cp1251"/>
    <property name="java.vm.name" value="Java HotSpot(TM) 64-Bit Server VM"/>
    <property name="java.vendor.version" value="18.9"/>
    <property name="localRepository" value="C:\Users\ebogdanova.OPENINTEGRATION\.m2\repository"/>
    <property name="java.vendor.url.bug" value="https://bugreport.java.com/bugreport/"/>
    <property name="java.io.tmpdir" value="C:\Users\EBOGDA~1.OPE\AppData\Local\Temp\"/>
    <property name="idea.version" value="2023.2.1"/>
    <property name="java.version" value="11.0.14"/>
    <property name="user.dir" value="C:\cygwin64\home\ebogdanova\Diplom_Elena_Bogdanova_26\QA-java-diplom-3"/>
    <property name="os.arch" value="amd64"/>
    <property name="java.vm.specification.name" value="Java Virtual Machine Specification"/>
    <property name="java.awt.printerjob" value="sun.awt.windows.WPrinterJob"/>
    <property name="user.language.format" value="ru"/>
    <property name="sun.os.patch.level" value=""/>
    <property name="java.library.path" value="C:\Users\ebogdanova.OPENINTEGRATION\JDK\11\bin;C:\WINDOWS\Sun\Java\bin;C:\WINDOWS\system32;C:\WINDOWS;C:\Users\ebogdanova.OPENINTEGRATION\MAVEN\bin;C:\Users\ebogdanova.OPENINTEGRATION\JDK\11;C:\Program Files (x86)\Amazon Corretto\jdk11.0.20_9\bin;C:\Program Files (x86)\Common Files\Oracle\Java\javapath;C:\Java\jdk8\bin;C:\app\client\ebogdanova\product\19.0.0\client_1\bin;C:\Program Files\Git\cmd;C:\Users\ebogdanova.OPENINTEGRATION\allure-commandline-2.24.1\allure-2.24.1\bin;C:\Users\ebogdanova.OPENINTEGRATION\WebDriver\bin;C:\WINDOWS\system32;C:\WINDOWS;C:\WINDOWS\System32\Wbem;C:\WINDOWS\System32\WindowsPowerShell\v1.0\;C:\WINDOWS\System32\OpenSSH\;C:\Program Files\Aladdin\eToken\PKIClient\x32;C:\Program Files\Aladdin\eToken\PKIClient\x64;C:\Program Files\Intel\WiFi\bin\;C:\Program Files\Common Files\Intel\WirelessCommon\;C:\Program Files (x86)\Intel\Intel(R) Management Engine Components\DAL;C:\Program Files\Intel\Intel(R) Management Engine Components\DAL;C:\Program Files\PuTTY\;C:\Program Files\Docker\Docker\resources\bin;C:\Users\ebogdanova.OPENINTEGRATION\AppData\Local\Microsoft\WindowsApps;;C:\Users\ebogdanova.OPENINTEGRATION\AppData\Local\Programs\Microsoft VS Code\bin;."/>
    <property name="java.vendor" value="Oracle Corporation"/>
    <property name="java.vm.info" value="mixed mode"/>
    <property name="java.vm.version" value="11.0.14+8-LTS-263"/>
    <property name="sun.io.unicode.encoding" value="UnicodeLittle"/>
    <property name="java.class.version" value="55.0"/>
  </properties>
  <testcase name="openMainPageButtonConstructorTest[0]" classname="tests.PersonalAccountPageTests" time="3.462">
    <error message="session not created: This version of ChromeDriver only supports Chrome version 114&#10;Current browser version is 120.0.6099.110 with binary path C:\Program Files (x86)\Google\Chrome\Application\chrome.exe&#10;Build info: version: &apos;3.141.59&apos;, revision: &apos;e82be7d358&apos;, time: &apos;2018-11-14T08:17:03&apos;&#10;System info: host: &apos;EBOGDANOVA-L&apos;, ip: &apos;10.101.164.59&apos;, os.name: &apos;Windows 10&apos;, os.arch: &apos;amd64&apos;, os.version: &apos;10.0&apos;, java.version: &apos;11.0.14&apos;&#10;Driver info: driver.version: ChromeDriver&#10;remote stacktrace: Backtrace:&#10;	GetHandleVerifier [0x007BA813+48355]&#10;	(No symbol) [0x0074C4B1]&#10;	(No symbol) [0x00655358]&#10;	(No symbol) [0x006761AC]&#10;	(No symbol) [0x00671EF3]&#10;	(No symbol) [0x00670579]&#10;	(No symbol) [0x006A0C55]&#10;	(No symbol) [0x006A093C]&#10;	(No symbol) [0x0069A536]&#10;	(No symbol) [0x006782DC]&#10;	(No symbol) [0x006793DD]&#10;	GetHandleVerifier [0x00A1AABD+2539405]&#10;	GetHandleVerifier [0x00A5A78F+2800735]&#10;	GetHandleVerifier [0x00A5456C+2775612]&#10;	GetHandleVerifier [0x008451E0+616112]&#10;	(No symbol) [0x00755F8C]&#10;	(No symbol) [0x00752328]&#10;	(No symbol) [0x0075240B]&#10;	(No symbol) [0x00744FF7]&#10;	BaseThreadInitThunk [0x761600C9+25]&#10;	RtlGetAppContainerNamedObjectPath [0x772E7B4E+286]&#10;	RtlGetAppContainerNamedObjectPath [0x772E7B1E+238]&#10;" type="org.openqa.selenium.SessionNotCreatedException">org.openqa.selenium.SessionNotCreatedException: 
session not created: This version of ChromeDriver only supports Chrome version 114
Current browser version is 120.0.6099.110 with binary path C:\Program Files (x86)\Google\Chrome\Application\chrome.exe
Build info: version: '3.141.59', revision: 'e82be7d358', time: '2018-11-14T08:17:03'
System info: host: 'EBOGDANOVA-L', ip: '10.101.164.59', os.name: 'Windows 10', os.arch: 'amd64', os.version: '10.0', java.version: '11.0.14'
Driver info: driver.version: ChromeDriver
remote stacktrace: Backtrace:
	GetHandleVerifier [0x007BA813+48355]
	(No symbol) [0x0074C4B1]
	(No symbol) [0x00655358]
	(No symbol) [0x006761AC]
	(No symbol) [0x00671EF3]
	(No symbol) [0x00670579]
	(No symbol) [0x006A0C55]
	(No symbol) [0x006A093C]
	(No symbol) [0x0069A536]
	(No symbol) [0x006782DC]
	(No symbol) [0x006793DD]
	GetHandleVerifier [0x00A1AABD+2539405]
	GetHandleVerifier [0x00A5A78F+2800735]
	GetHandleVerifier [0x00A5456C+2775612]
	GetHandleVerifier [0x008451E0+616112]
	(No symbol) [0x00755F8C]
	(No symbol) [0x00752328]
	(No symbol) [0x0075240B]
	(No symbol) [0x00744FF7]
	BaseThreadInitThunk [0x761600C9+25]
	RtlGetAppContainerNamedObjectPath [0x772E7B4E+286]
	RtlGetAppContainerNamedObjectPath [0x772E7B1E+238]

	at tests.PersonalAccountPageTests.login(PersonalAccountPageTests.java:41)
</error>
    <system-err><![CDATA[Starting ChromeDriver 114.0.5735.90 (386bc09e8f4f2e025eddae123f36f6263096ae49-refs/branch-heads/5735@{#1052}) on port 40435
Only local connections are allowed.
Please see https://chromedriver.chromium.org/security-considerations for suggestions on keeping ChromeDriver safe.
ChromeDriver was started successfully.
]]></system-err>
  </testcase>
  <testcase name="openMainPageButtonConstructorTest[0]" classname="tests.PersonalAccountPageTests" time="3.463">
    <error type="java.lang.NullPointerException">java.lang.NullPointerException
	at tests.PersonalAccountPageTests.teardown(PersonalAccountPageTests.java:97)
</error>
  </testcase>
  <testcase name="personalAccountTest[0]" classname="tests.PersonalAccountPageTests" time="2.616">
    <error message="session not created: This version of ChromeDriver only supports Chrome version 114&#10;Current browser version is 120.0.6099.110 with binary path C:\Program Files (x86)\Google\Chrome\Application\chrome.exe&#10;Build info: version: &apos;3.141.59&apos;, revision: &apos;e82be7d358&apos;, time: &apos;2018-11-14T08:17:03&apos;&#10;System info: host: &apos;EBOGDANOVA-L&apos;, ip: &apos;10.101.164.59&apos;, os.name: &apos;Windows 10&apos;, os.arch: &apos;amd64&apos;, os.version: &apos;10.0&apos;, java.version: &apos;11.0.14&apos;&#10;Driver info: driver.version: ChromeDriver&#10;remote stacktrace: Backtrace:&#10;	GetHandleVerifier [0x007BA813+48355]&#10;	(No symbol) [0x0074C4B1]&#10;	(No symbol) [0x00655358]&#10;	(No symbol) [0x006761AC]&#10;	(No symbol) [0x00671EF3]&#10;	(No symbol) [0x00670579]&#10;	(No symbol) [0x006A0C55]&#10;	(No symbol) [0x006A093C]&#10;	(No symbol) [0x0069A536]&#10;	(No symbol) [0x006782DC]&#10;	(No symbol) [0x006793DD]&#10;	GetHandleVerifier [0x00A1AABD+2539405]&#10;	GetHandleVerifier [0x00A5A78F+2800735]&#10;	GetHandleVerifier [0x00A5456C+2775612]&#10;	GetHandleVerifier [0x008451E0+616112]&#10;	(No symbol) [0x00755F8C]&#10;	(No symbol) [0x00752328]&#10;	(No symbol) [0x0075240B]&#10;	(No symbol) [0x00744FF7]&#10;	BaseThreadInitThunk [0x761600C9+25]&#10;	RtlGetAppContainerNamedObjectPath [0x772E7B4E+286]&#10;	RtlGetAppContainerNamedObjectPath [0x772E7B1E+238]&#10;" type="org.openqa.selenium.SessionNotCreatedException">org.openqa.selenium.SessionNotCreatedException: 
session not created: This version of ChromeDriver only supports Chrome version 114
Current browser version is 120.0.6099.110 with binary path C:\Program Files (x86)\Google\Chrome\Application\chrome.exe
Build info: version: '3.141.59', revision: 'e82be7d358', time: '2018-11-14T08:17:03'
System info: host: 'EBOGDANOVA-L', ip: '10.101.164.59', os.name: 'Windows 10', os.arch: 'amd64', os.version: '10.0', java.version: '11.0.14'
Driver info: driver.version: ChromeDriver
remote stacktrace: Backtrace:
	GetHandleVerifier [0x007BA813+48355]
	(No symbol) [0x0074C4B1]
	(No symbol) [0x00655358]
	(No symbol) [0x006761AC]
	(No symbol) [0x00671EF3]
	(No symbol) [0x00670579]
	(No symbol) [0x006A0C55]
	(No symbol) [0x006A093C]
	(No symbol) [0x0069A536]
	(No symbol) [0x006782DC]
	(No symbol) [0x006793DD]
	GetHandleVerifier [0x00A1AABD+2539405]
	GetHandleVerifier [0x00A5A78F+2800735]
	GetHandleVerifier [0x00A5456C+2775612]
	GetHandleVerifier [0x008451E0+616112]
	(No symbol) [0x00755F8C]
	(No symbol) [0x00752328]
	(No symbol) [0x0075240B]
	(No symbol) [0x00744FF7]
	BaseThreadInitThunk [0x761600C9+25]
	RtlGetAppContainerNamedObjectPath [0x772E7B4E+286]
	RtlGetAppContainerNamedObjectPath [0x772E7B1E+238]

	at tests.PersonalAccountPageTests.login(PersonalAccountPageTests.java:41)
</error>
    <system-err><![CDATA[Starting ChromeDriver 114.0.5735.90 (386bc09e8f4f2e025eddae123f36f6263096ae49-refs/branch-heads/5735@{#1052}) on port 7704
Only local connections are allowed.
Please see https://chromedriver.chromium.org/security-considerations for suggestions on keeping ChromeDriver safe.
ChromeDriver was started successfully.
]]></system-err>
  </testcase>
  <testcase name="personalAccountTest[0]" classname="tests.PersonalAccountPageTests" time="2.617">
    <error type="java.lang.NullPointerException">java.lang.NullPointerException
	at tests.PersonalAccountPageTests.teardown(PersonalAccountPageTests.java:97)
</error>
  </testcase>
  <testcase name="openMainPageButtonLogoTest[0]" classname="tests.PersonalAccountPageTests" time="2.702">
    <error message="session not created: This version of ChromeDriver only supports Chrome version 114&#10;Current browser version is 120.0.6099.110 with binary path C:\Program Files (x86)\Google\Chrome\Application\chrome.exe&#10;Build info: version: &apos;3.141.59&apos;, revision: &apos;e82be7d358&apos;, time: &apos;2018-11-14T08:17:03&apos;&#10;System info: host: &apos;EBOGDANOVA-L&apos;, ip: &apos;10.101.164.59&apos;, os.name: &apos;Windows 10&apos;, os.arch: &apos;amd64&apos;, os.version: &apos;10.0&apos;, java.version: &apos;11.0.14&apos;&#10;Driver info: driver.version: ChromeDriver&#10;remote stacktrace: Backtrace:&#10;	GetHandleVerifier [0x007BA813+48355]&#10;	(No symbol) [0x0074C4B1]&#10;	(No symbol) [0x00655358]&#10;	(No symbol) [0x006761AC]&#10;	(No symbol) [0x00671EF3]&#10;	(No symbol) [0x00670579]&#10;	(No symbol) [0x006A0C55]&#10;	(No symbol) [0x006A093C]&#10;	(No symbol) [0x0069A536]&#10;	(No symbol) [0x006782DC]&#10;	(No symbol) [0x006793DD]&#10;	GetHandleVerifier [0x00A1AABD+2539405]&#10;	GetHandleVerifier [0x00A5A78F+2800735]&#10;	GetHandleVerifier [0x00A5456C+2775612]&#10;	GetHandleVerifier [0x008451E0+616112]&#10;	(No symbol) [0x00755F8C]&#10;	(No symbol) [0x00752328]&#10;	(No symbol) [0x0075240B]&#10;	(No symbol) [0x00744FF7]&#10;	BaseThreadInitThunk [0x761600C9+25]&#10;	RtlGetAppContainerNamedObjectPath [0x772E7B4E+286]&#10;	RtlGetAppContainerNamedObjectPath [0x772E7B1E+238]&#10;" type="org.openqa.selenium.SessionNotCreatedException">org.openqa.selenium.SessionNotCreatedException: 
session not created: This version of ChromeDriver only supports Chrome version 114
Current browser version is 120.0.6099.110 with binary path C:\Program Files (x86)\Google\Chrome\Application\chrome.exe
Build info: version: '3.141.59', revision: 'e82be7d358', time: '2018-11-14T08:17:03'
System info: host: 'EBOGDANOVA-L', ip: '10.101.164.59', os.name: 'Windows 10', os.arch: 'amd64', os.version: '10.0', java.version: '11.0.14'
Driver info: driver.version: ChromeDriver
remote stacktrace: Backtrace:
	GetHandleVerifier [0x007BA813+48355]
	(No symbol) [0x0074C4B1]
	(No symbol) [0x00655358]
	(No symbol) [0x006761AC]
	(No symbol) [0x00671EF3]
	(No symbol) [0x00670579]
	(No symbol) [0x006A0C55]
	(No symbol) [0x006A093C]
	(No symbol) [0x0069A536]
	(No symbol) [0x006782DC]
	(No symbol) [0x006793DD]
	GetHandleVerifier [0x00A1AABD+2539405]
	GetHandleVerifier [0x00A5A78F+2800735]
	GetHandleVerifier [0x00A5456C+2775612]
	GetHandleVerifier [0x008451E0+616112]
	(No symbol) [0x00755F8C]
	(No symbol) [0x00752328]
	(No symbol) [0x0075240B]
	(No symbol) [0x00744FF7]
	BaseThreadInitThunk [0x761600C9+25]
	RtlGetAppContainerNamedObjectPath [0x772E7B4E+286]
	RtlGetAppContainerNamedObjectPath [0x772E7B1E+238]

	at tests.PersonalAccountPageTests.login(PersonalAccountPageTests.java:41)
</error>
    <system-err><![CDATA[Starting ChromeDriver 114.0.5735.90 (386bc09e8f4f2e025eddae123f36f6263096ae49-refs/branch-heads/5735@{#1052}) on port 24579
Only local connections are allowed.
Please see https://chromedriver.chromium.org/security-considerations for suggestions on keeping ChromeDriver safe.
ChromeDriver was started successfully.
]]></system-err>
  </testcase>
  <testcase name="openMainPageButtonLogoTest[0]" classname="tests.PersonalAccountPageTests" time="2.702">
    <error type="java.lang.NullPointerException">java.lang.NullPointerException
	at tests.PersonalAccountPageTests.teardown(PersonalAccountPageTests.java:97)
</error>
  </testcase>
  <testcase name="openLoginPageButtonExitTest[0]" classname="tests.PersonalAccountPageTests" time="3.256">
    <error message="session not created: This version of ChromeDriver only supports Chrome version 114&#10;Current browser version is 120.0.6099.110 with binary path C:\Program Files (x86)\Google\Chrome\Application\chrome.exe&#10;Build info: version: &apos;3.141.59&apos;, revision: &apos;e82be7d358&apos;, time: &apos;2018-11-14T08:17:03&apos;&#10;System info: host: &apos;EBOGDANOVA-L&apos;, ip: &apos;10.101.164.59&apos;, os.name: &apos;Windows 10&apos;, os.arch: &apos;amd64&apos;, os.version: &apos;10.0&apos;, java.version: &apos;11.0.14&apos;&#10;Driver info: driver.version: ChromeDriver&#10;remote stacktrace: Backtrace:&#10;	GetHandleVerifier [0x007BA813+48355]&#10;	(No symbol) [0x0074C4B1]&#10;	(No symbol) [0x00655358]&#10;	(No symbol) [0x006761AC]&#10;	(No symbol) [0x00671EF3]&#10;	(No symbol) [0x00670579]&#10;	(No symbol) [0x006A0C55]&#10;	(No symbol) [0x006A093C]&#10;	(No symbol) [0x0069A536]&#10;	(No symbol) [0x006782DC]&#10;	(No symbol) [0x006793DD]&#10;	GetHandleVerifier [0x00A1AABD+2539405]&#10;	GetHandleVerifier [0x00A5A78F+2800735]&#10;	GetHandleVerifier [0x00A5456C+2775612]&#10;	GetHandleVerifier [0x008451E0+616112]&#10;	(No symbol) [0x00755F8C]&#10;	(No symbol) [0x00752328]&#10;	(No symbol) [0x0075240B]&#10;	(No symbol) [0x00744FF7]&#10;	BaseThreadInitThunk [0x761600C9+25]&#10;	RtlGetAppContainerNamedObjectPath [0x772E7B4E+286]&#10;	RtlGetAppContainerNamedObjectPath [0x772E7B1E+238]&#10;" type="org.openqa.selenium.SessionNotCreatedException">org.openqa.selenium.SessionNotCreatedException: 
session not created: This version of ChromeDriver only supports Chrome version 114
Current browser version is 120.0.6099.110 with binary path C:\Program Files (x86)\Google\Chrome\Application\chrome.exe
Build info: version: '3.141.59', revision: 'e82be7d358', time: '2018-11-14T08:17:03'
System info: host: 'EBOGDANOVA-L', ip: '10.101.164.59', os.name: 'Windows 10', os.arch: 'amd64', os.version: '10.0', java.version: '11.0.14'
Driver info: driver.version: ChromeDriver
remote stacktrace: Backtrace:
	GetHandleVerifier [0x007BA813+48355]
	(No symbol) [0x0074C4B1]
	(No symbol) [0x00655358]
	(No symbol) [0x006761AC]
	(No symbol) [0x00671EF3]
	(No symbol) [0x00670579]
	(No symbol) [0x006A0C55]
	(No symbol) [0x006A093C]
	(No symbol) [0x0069A536]
	(No symbol) [0x006782DC]
	(No symbol) [0x006793DD]
	GetHandleVerifier [0x00A1AABD+2539405]
	GetHandleVerifier [0x00A5A78F+2800735]
	GetHandleVerifier [0x00A5456C+2775612]
	GetHandleVerifier [0x008451E0+616112]
	(No symbol) [0x00755F8C]
	(No symbol) [0x00752328]
	(No symbol) [0x0075240B]
	(No symbol) [0x00744FF7]
	BaseThreadInitThunk [0x761600C9+25]
	RtlGetAppContainerNamedObjectPath [0x772E7B4E+286]
	RtlGetAppContainerNamedObjectPath [0x772E7B1E+238]

	at tests.PersonalAccountPageTests.login(PersonalAccountPageTests.java:41)
</error>
    <system-err><![CDATA[Starting ChromeDriver 114.0.5735.90 (386bc09e8f4f2e025eddae123f36f6263096ae49-refs/branch-heads/5735@{#1052}) on port 43251
Only local connections are allowed.
Please see https://chromedriver.chromium.org/security-considerations for suggestions on keeping ChromeDriver safe.
ChromeDriver was started successfully.
]]></system-err>
  </testcase>
  <testcase name="openLoginPageButtonExitTest[0]" classname="tests.PersonalAccountPageTests" time="3.257">
    <error type="java.lang.NullPointerException">java.lang.NullPointerException
	at tests.PersonalAccountPageTests.teardown(PersonalAccountPageTests.java:97)
</error>
  </testcase>
  <testcase name="openMainPageButtonConstructorTest[1]" classname="tests.PersonalAccountPageTests" time="8.747"/>
  <testcase name="personalAccountTest[1]" classname="tests.PersonalAccountPageTests" time="8.064"/>
  <testcase name="openMainPageButtonLogoTest[1]" classname="tests.PersonalAccountPageTests" time="7.326">
    <error message="Element &lt;button class=&quot;button_button__33qZ0 button_button_type_primary__1O7Bx button_button_size_large__G21Vg&quot;&gt; is not clickable at point (1144,440) because another element &lt;div class=&quot;Modal_modal_overlay__x2ZCr&quot;&gt; obscures it&#10;Build info: version: &apos;3.141.59&apos;, revision: &apos;e82be7d358&apos;, time: &apos;2018-11-14T08:17:03&apos;&#10;System info: host: &apos;EBOGDANOVA-L&apos;, ip: &apos;10.101.164.59&apos;, os.name: &apos;Windows 10&apos;, os.arch: &apos;amd64&apos;, os.version: &apos;10.0&apos;, java.version: &apos;11.0.14&apos;&#10;Driver info: org.openqa.selenium.firefox.FirefoxDriver&#10;Capabilities {acceptInsecureCerts: true, browserName: firefox, browserVersion: 120.0.1, javascriptEnabled: true, moz:accessibilityChecks: false, moz:buildID: 20231129155202, moz:geckodriverVersion: 0.33.0, moz:headless: false, moz:platformVersion: 10.0, moz:processID: 18544, moz:profile: C:\Users\EBOGDA~1.OPE\AppDa..., moz:shutdownTimeout: 60000, moz:webdriverClick: true, moz:windowless: false, pageLoadStrategy: normal, platform: WINDOWS, platformName: WINDOWS, proxy: Proxy(), setWindowRect: true, strictFileInteractability: false, timeouts: {implicit: 0, pageLoad: 300000, script: 30000}, unhandledPromptBehavior: dismiss and notify}&#10;Session ID: d2ce5609-d342-4921-b6f2-eddb43a9c5fc" type="org.openqa.selenium.ElementClickInterceptedException"><![CDATA[org.openqa.selenium.ElementClickInterceptedException: 
Element <button class="button_button__33qZ0 button_button_type_primary__1O7Bx button_button_size_large__G21Vg"> is not clickable at point (1144,440) because another element <div class="Modal_modal_overlay__x2ZCr"> obscures it
Build info: version: '3.141.59', revision: 'e82be7d358', time: '2018-11-14T08:17:03'
System info: host: 'EBOGDANOVA-L', ip: '10.101.164.59', os.name: 'Windows 10', os.arch: 'amd64', os.version: '10.0', java.version: '11.0.14'
Driver info: org.openqa.selenium.firefox.FirefoxDriver
Capabilities {acceptInsecureCerts: true, browserName: firefox, browserVersion: 120.0.1, javascriptEnabled: true, moz:accessibilityChecks: false, moz:buildID: 20231129155202, moz:geckodriverVersion: 0.33.0, moz:headless: false, moz:platformVersion: 10.0, moz:processID: 18544, moz:profile: C:\Users\EBOGDA~1.OPE\AppDa..., moz:shutdownTimeout: 60000, moz:webdriverClick: true, moz:windowless: false, pageLoadStrategy: normal, platform: WINDOWS, platformName: WINDOWS, proxy: Proxy(), setWindowRect: true, strictFileInteractability: false, timeouts: {implicit: 0, pageLoad: 300000, script: 30000}, unhandledPromptBehavior: dismiss and notify}
Session ID: d2ce5609-d342-4921-b6f2-eddb43a9c5fc
	at tests.PersonalAccountPageTests.login(PersonalAccountPageTests.java:50)
]]></error>
    <system-err><![CDATA[1702890563294	geckodriver	INFO	Listening on 127.0.0.1:8909
1702890563532	mozrunner::runner	INFO	Running command: "C:\\Program Files\\Mozilla Firefox\\firefox.exe" "--marionette" "-no-remote" "-profile" "C:\\Users\\EBOGDA~1.OPE\\AppData\\Local\\Temp\\rust_mozprofiledPAgG4"
console.warn: services.settings: Ignoring preference override of remote settings server
console.warn: services.settings: Allow by setting MOZ_REMOTE_SETTINGS_DEVTOOLS=1 in the environment
1702890564065	Marionette	INFO	Marionette enabled
Dynamically enable window occlusion 0
1702890564195	Marionette	INFO	Listening on port 50534
Read port: 50534
1702890564491	RemoteAgent	WARN	TLS certificate errors will be ignored for this session
дек. 18, 2023 12:09:26 PM org.openqa.selenium.remote.ProtocolHandshake createSession
INFO: Detected dialect: W3C
1702890568739	Marionette	INFO	Stopped listening on port 50534
Dynamically enable window occlusion 1
]]></system-err>
  </testcase>
  <testcase name="openLoginPageButtonExitTest[1]" classname="tests.PersonalAccountPageTests" time="8.379"/>
</testsuite>